[0m[[0m[0mdebug[0m] [0m[0m> Exec(;Test/compile; collectAnalyses, None, Some(CommandSource(network-1)))[0m
[0m[[0m[0mdebug[0m] [0m[0munmatched Processing event for requestId None: None[0m
[0m[[0m[0mdebug[0m] [0m[0munmatched Done event for requestId None: None[0m
[0m[[0m[0mdebug[0m] [0m[0m> Exec(Test/compile, None, Some(CommandSource(network-1)))[0m
[0m[[0m[0mdebug[0m] [0m[0munmatched Processing event for requestId None: None[0m
[0m[[0m[0mdebug[0m] [0m[0mEvaluating tasks: Test / compile[0m
[0m[[0m[0mdebug[0m] [0m[0mRunning task... Cancel: bloop.integrations.sbt.Offloader$$anon$1@240291d9, check cycles: false, forcegc: true[0m
[0m[[0m[0mdebug[0m] [0m[0mjsonRpcNotify: JsonRpcNotificationMessage(2.0, build/taskStart, {"taskId":{"id":"43","parents":[]},"eventTime":1627653124794,"message":"Compiling doobieee","dataKind":"compile-task","data":{"target":{"uri":"file:/Users/thegodfather/Documents/VSCODE/Scala/Playground/DOOBIE/postgrestrial/doobieee/#doobieee/Compile"}}})[0m
[0m[[0m[0minfo[0m] [0m[0mcompiling 6 Scala sources to /Users/thegodfather/Documents/VSCODE/Scala/Playground/DOOBIE/postgrestrial/doobieee/target/scala-2.13/classes ...[0m
[0m[[0m[0mdebug[0m] [0m[0mjsonRpcNotify: JsonRpcNotificationMessage(2.0, build/logMessage, {"type":3,"message":"compiling 6 Scala sources to /Users/thegodfather/Documents/VSCODE/Scala/Playground/DOOBIE/postgrestrial/doobieee/target/scala-2.13/classes ..."})[0m
[0m[[0m[0mdebug[0m] [0m[0mjsonRpcNotify: JsonRpcNotificationMessage(2.0, build/publishDiagnostics, {"textDocument":{"uri":"file:///Users/thegodfather/Documents/VSCODE/Scala/Playground/DOOBIE/postgrestrial/doobieee/src/main/scala/Admin.scala"},"buildTarget":{"uri":"file:/Users/thegodfather/Documents/VSCODE/Scala/Playground/DOOBIE/postgrestrial/doobieee/#doobieee/Compile"},"diagnostics":[{"range":{"start":{"line":4,"character":7},"end":{"line":4,"character":8}},"severity":1,"source":"sbt","message":"object creation impossible.\nMissing implementations for 8 members. Stub implementations follow:\n  def addPerson(person: Main.Person): Boolean = ???\n  def addRoom(room: Main.Room): Boolean = ???\n  def checkRoomTenant(roomID: Int): Option[Main.Person] = ???\n  def getAvailableRooms: List[Main.Room] = ???\n  def getBookedRooms: List[Main.Room] = ???\n  def getrooms: List[Main.Room] = ???\n  def removePerson(id: Int): Boolean = ???\n  def removeRoom(roomID: Int): Boolean = ???\n"}],"reset":false})[0m
[0m[[0m[31merror[0m] [0m[0m/Users/thegodfather/Documents/VSCODE/Scala/Playground/DOOBIE/postgrestrial/doobieee/src/main/scala/Admin.scala:5:8: object creation impossible.[0m
[0m[[0m[31merror[0m] [0m[0mMissing implementations for 8 members. Stub implementations follow:[0m
[0m[[0m[31merror[0m] [0m[0m  def addPerson(person: Main.Person): Boolean = ???[0m
[0m[[0m[31merror[0m] [0m[0m  def addRoom(room: Main.Room): Boolean = ???[0m
[0m[[0m[31merror[0m] [0m[0m  def checkRoomTenant(roomID: Int): Option[Main.Person] = ???[0m
[0m[[0m[31merror[0m] [0m[0m  def getAvailableRooms: List[Main.Room] = ???[0m
[0m[[0m[31merror[0m] [0m[0m  def getBookedRooms: List[Main.Room] = ???[0m
[0m[[0m[31merror[0m] [0m[0m  def getrooms: List[Main.Room] = ???[0m
[0m[[0m[31merror[0m] [0m[0m  def removePerson(id: Int): Boolean = ???[0m
[0m[[0m[31merror[0m] [0m[0m  def removeRoom(roomID: Int): Boolean = ???[0m
[0m[[0m[31merror[0m] [0m[0mobject Admin extends AdminControls {[0m
[0m[[0m[31merror[0m] [0m[0m       ^[0m
[0m[[0m[0mdebug[0m] [0m[0mjsonRpcNotify: JsonRpcNotificationMessage(2.0, build/logMessage, {"type":1,"message":"/Users/thegodfather/Documents/VSCODE/Scala/Playground/DOOBIE/postgrestrial/doobieee/src/main/scala/Admin.scala:5:8: object creation impossible.\nMissing implementations for 8 members. Stub implementations follow:\n  def addPerson(person: Main.Person): Boolean = ???\n  def addRoom(room: Main.Room): Boolean = ???\n  def checkRoomTenant(roomID: Int): Option[Main.Person] = ???\n  def getAvailableRooms: List[Main.Room] = ???\n  def getBookedRooms: List[Main.Room] = ???\n  def getrooms: List[Main.Room] = ???\n  def removePerson(id: Int): Boolean = ???\n  def removeRoom(roomID: Int): Boolean = ???\n"})[0m
[0m[[0m[0mdebug[0m] [0m[0mjsonRpcNotify: JsonRpcNotificationMessage(2.0, build/logMessage, {"type":1,"message":"object Admin extends AdminControls {"})[0m
[0m[[0m[0mdebug[0m] [0m[0mjsonRpcNotify: JsonRpcNotificationMessage(2.0, build/logMessage, {"type":1,"message":"       ^"})[0m
[0m[[0m[31merror[0m] [0m[0mone error found[0m
[0m[[0m[0mdebug[0m] [0m[0mjsonRpcNotify: JsonRpcNotificationMessage(2.0, build/logMessage, {"type":1,"message":"one error found"})[0m
[0m[[0m[0mdebug[0m] [0m[0mjsonRpcNotify: JsonRpcNotificationMessage(2.0, build/publishDiagnostics, {"textDocument":{"uri":"file:///Users/thegodfather/Documents/VSCODE/Scala/Playground/DOOBIE/postgrestrial/doobieee/src/main/scala/Structures.scala"},"buildTarget":{"uri":"file:/Users/thegodfather/Documents/VSCODE/Scala/Playground/DOOBIE/postgrestrial/doobieee/#doobieee/Compile"},"diagnostics":[],"reset":true})[0m
[0m[[0m[0mdebug[0m] [0m[0mjsonRpcNotify: JsonRpcNotificationMessage(2.0, build/publishDiagnostics, {"textDocument":{"uri":"file:///Users/thegodfather/Documents/VSCODE/Scala/Playground/DOOBIE/postgrestrial/doobieee/src/main/scala/Persistence.scala"},"buildTarget":{"uri":"file:/Users/thegodfather/Documents/VSCODE/Scala/Playground/DOOBIE/postgrestrial/doobieee/#doobieee/Compile"},"diagnostics":[],"reset":true})[0m
[0m[[0m[0mdebug[0m] [0m[0mjsonRpcNotify: JsonRpcNotificationMessage(2.0, build/publishDiagnostics, {"textDocument":{"uri":"file:///Users/thegodfather/Documents/VSCODE/Scala/Playground/DOOBIE/postgrestrial/doobieee/src/main/scala/Admin.scala"},"buildTarget":{"uri":"file:/Users/thegodfather/Documents/VSCODE/Scala/Playground/DOOBIE/postgrestrial/doobieee/#doobieee/Compile"},"diagnostics":[{"range":{"start":{"line":4,"character":7},"end":{"line":4,"character":8}},"severity":1,"source":"sbt","message":"object creation impossible.\nMissing implementations for 8 members. Stub implementations follow:\n  def addPerson(person: Main.Person): Boolean = ???\n  def addRoom(room: Main.Room): Boolean = ???\n  def checkRoomTenant(roomID: Int): Option[Main.Person] = ???\n  def getAvailableRooms: List[Main.Room] = ???\n  def getBookedRooms: List[Main.Room] = ???\n  def getrooms: List[Main.Room] = ???\n  def removePerson(id: Int): Boolean = ???\n  def removeRoom(roomID: Int): Boolean = ???\n"}],"reset":true})[0m
[0m[[0m[0mdebug[0m] [0m[0mjsonRpcNotify: JsonRpcNotificationMessage(2.0, build/publishDiagnostics, {"textDocument":{"uri":"file:///Users/thegodfather/Documents/VSCODE/Scala/Playground/DOOBIE/postgrestrial/doobieee/src/main/scala/Staff.scala"},"buildTarget":{"uri":"file:/Users/thegodfather/Documents/VSCODE/Scala/Playground/DOOBIE/postgrestrial/doobieee/#doobieee/Compile"},"diagnostics":[],"reset":true})[0m
[0m[[0m[0mdebug[0m] [0m[0mjsonRpcNotify: JsonRpcNotificationMessage(2.0, build/publishDiagnostics, {"textDocument":{"uri":"file:///Users/thegodfather/Documents/VSCODE/Scala/Playground/DOOBIE/postgrestrial/doobieee/src/main/scala/Domain.scala"},"buildTarget":{"uri":"file:/Users/thegodfather/Documents/VSCODE/Scala/Playground/DOOBIE/postgrestrial/doobieee/#doobieee/Compile"},"diagnostics":[],"reset":true})[0m
[0m[[0m[0mdebug[0m] [0m[0mjsonRpcNotify: JsonRpcNotificationMessage(2.0, build/publishDiagnostics, {"textDocument":{"uri":"file:///Users/thegodfather/Documents/VSCODE/Scala/Playground/DOOBIE/postgrestrial/doobieee/src/main/scala/Interface.scala"},"buildTarget":{"uri":"file:/Users/thegodfather/Documents/VSCODE/Scala/Playground/DOOBIE/postgrestrial/doobieee/#doobieee/Compile"},"diagnostics":[],"reset":true})[0m
[0m[[0m[0mdebug[0m] [0m[0mjsonRpcNotify: JsonRpcNotificationMessage(2.0, build/taskFinish, {"taskId":{"id":"43","parents":[]},"eventTime":1627653125346,"message":"Compiled doobieee","status":2,"dataKind":"compile-report","data":{"target":{"uri":"file:/Users/thegodfather/Documents/VSCODE/Scala/Playground/DOOBIE/postgrestrial/doobieee/#doobieee/Compile"},"errors":1,"warnings":0,"time":552}})[0m
[0m[[0m[0mdebug[0m] [0m[0mForcing garbage collection...[0m
[0m[[0m[0mdebug[0m] [0m[0munmatched json error for requestId None: {"code":-32603,"message":"(Compile / \u001b[31mcompileIncremental\u001b[0m) Compilation failed"}[0m
[0m[[0m[31merror[0m] [0m[0m(Compile / [31mcompileIncremental[0m) Compilation failed[0m
[0m[[0m[0mdebug[0m] [0m[0mjsonRpcNotify: JsonRpcNotificationMessage(2.0, build/logMessage, {"type":1,"message":"(Compile / \u001b[31mcompileIncremental\u001b[0m) Compilation failed"})[0m
[0m[[0m[31merror[0m] [0m[0mTotal time: 1 s, completed 30-Jul-2021 14:52:05[0m
[0m[[0m[0mdebug[0m] [0m[0munmatched Done event for requestId None: None[0m
[0m[[0m[0mdebug[0m] [0m[0m> Exec(shell, None, None)[0m
